<?xml version="1.0" encoding="UTF-8"?>
<!-- Generated by org.testng.reporters.JUnitReportReporter -->
<testsuite hostname="L843" failures="0" tests="1" name="Tests.AddressesTest" time="48.126" errors="0" timestamp="2022-09-27T17:55:55 IST" skipped="0">
  <testcase classname="Tests.AddressesTest" name="address" time="48.126"/>
  <system-out/>
</testsuite> <!-- Tests.AddressesTest -->
